[0.020s] Invoking command in '/root/Presentation/dolly/build/dolly_follow': CMAKE_PREFIX_PATH=${CMAKE_PREFIX_PATH}:/opt/ros/foxy /usr/bin/cmake /root/Presentation/dolly/src/dolly/dolly_follow -DCMAKE_INSTALL_PREFIX=/root/Presentation/dolly/install/dolly_follow
[0.155s] -- The C compiler identification is GNU 9.4.0
[0.249s] -- The CXX compiler identification is GNU 9.4.0
[0.258s] -- Check for working C compiler: /usr/bin/cc
[0.324s] -- Check for working C compiler: /usr/bin/cc -- works
[0.326s] -- Detecting C compiler ABI info
[0.398s] -- Detecting C compiler ABI info - done
[0.407s] -- Detecting C compile features
[0.408s] -- Detecting C compile features - done
[0.410s] -- Check for working CXX compiler: /usr/bin/c++
[0.481s] -- Check for working CXX compiler: /usr/bin/c++ -- works
[0.481s] -- Detecting CXX compiler ABI info
[0.555s] -- Detecting CXX compiler ABI info - done
[0.569s] -- Detecting CXX compile features
[0.570s] -- Detecting CXX compile features - done
[0.579s] -- Found ament_cmake: 0.9.9 (/opt/ros/foxy/share/ament_cmake/cmake)
[0.597s] -- Found PythonInterp: /usr/bin/python3 (found suitable version "3.8.10", minimum required is "3") 
[0.597s] -- Using PYTHON_EXECUTABLE: /usr/bin/python3
[0.731s] -- Found geometry_msgs: 2.0.5 (/opt/ros/foxy/share/geometry_msgs/cmake)
[0.764s] -- Using all available rosidl_typesupport_c: rosidl_typesupport_fastrtps_c;rosidl_typesupport_introspection_c
[0.770s] -- Found rosidl_adapter: 1.2.1 (/opt/ros/foxy/share/rosidl_adapter/cmake)
[0.873s] -- Found OpenSSL: /usr/lib/x86_64-linux-gnu/libcrypto.so (found version "1.1.1f")  
[0.897s] -- Found FastRTPS: /opt/ros/foxy/include  
[0.959s] -- Using all available rosidl_typesupport_cpp: rosidl_typesupport_fastrtps_cpp;rosidl_typesupport_introspection_cpp
[1.032s] -- Found rclcpp: 2.4.1 (/opt/ros/foxy/share/rclcpp/cmake)
[1.069s] -- Found rmw_implementation_cmake: 1.0.3 (/opt/ros/foxy/share/rmw_implementation_cmake/cmake)
[1.071s] -- Using RMW implementation 'rmw_fastrtps_cpp' as default
[1.072s] -- Looking for pthread.h
[1.149s] -- Looking for pthread.h - found
[1.149s] -- Performing Test CMAKE_HAVE_LIBC_PTHREAD
[1.224s] -- Performing Test CMAKE_HAVE_LIBC_PTHREAD - Failed
[1.224s] -- Looking for pthread_create in pthreads
[1.297s] -- Looking for pthread_create in pthreads - not found
[1.297s] -- Looking for pthread_create in pthread
[1.372s] -- Looking for pthread_create in pthread - found
[1.373s] -- Found Threads: TRUE  
[1.525s] -- Found sensor_msgs: 2.0.5 (/opt/ros/foxy/share/sensor_msgs/cmake)
[1.585s] -- Found ament_lint_auto: 0.9.6 (/opt/ros/foxy/share/ament_lint_auto/cmake)
[1.639s] -- Added test 'copyright' to check source files copyright and LICENSE
[1.639s] -- Added test 'cppcheck' to perform static code analysis on C / C++ code
[1.640s] -- Configured cppcheck include dirs: 
[1.640s] -- Configured cppcheck exclude dirs and/or files: 
[1.640s] -- Added test 'cpplint' to check C / C++ code against the Google style
[1.640s] -- Configured cpplint exclude dirs and/or files: 
[1.641s] -- Added test 'lint_cmake' to check CMake code style
[1.641s] -- Added test 'uncrustify' to check C / C++ code style
[1.641s] -- Configured uncrustify additional arguments: 
[1.642s] -- Added test 'xmllint' to check XML markup files
[1.645s] -- Configuring done
[1.653s] -- Generating done
[1.654s] -- Build files have been written to: /root/Presentation/dolly/build/dolly_follow
[1.661s] Invoked command in '/root/Presentation/dolly/build/dolly_follow' returned '0': CMAKE_PREFIX_PATH=${CMAKE_PREFIX_PATH}:/opt/ros/foxy /usr/bin/cmake /root/Presentation/dolly/src/dolly/dolly_follow -DCMAKE_INSTALL_PREFIX=/root/Presentation/dolly/install/dolly_follow
[1.666s] Invoking command in '/root/Presentation/dolly/build/dolly_follow': CMAKE_PREFIX_PATH=${CMAKE_PREFIX_PATH}:/opt/ros/foxy /usr/bin/cmake --build /root/Presentation/dolly/build/dolly_follow -- -j16 -l16
[1.712s] [35m[1mScanning dependencies of target dolly_follow[0m
[1.784s] [ 50%] [32mBuilding CXX object CMakeFiles/dolly_follow.dir/src/dolly_follow.cpp.o[0m
[6.020s] [100%] [32m[1mLinking CXX executable dolly_follow[0m
[6.313s] [100%] Built target dolly_follow
[6.328s] Invoked command in '/root/Presentation/dolly/build/dolly_follow' returned '0': CMAKE_PREFIX_PATH=${CMAKE_PREFIX_PATH}:/opt/ros/foxy /usr/bin/cmake --build /root/Presentation/dolly/build/dolly_follow -- -j16 -l16
[6.365s] Invoking command in '/root/Presentation/dolly/build/dolly_follow': CMAKE_PREFIX_PATH=${CMAKE_PREFIX_PATH}:/opt/ros/foxy /usr/bin/cmake --install /root/Presentation/dolly/build/dolly_follow
[6.377s] -- Install configuration: ""
[6.377s] -- Installing: /root/Presentation/dolly/install/dolly_follow/lib/dolly_follow/dolly_follow
[6.384s] -- Set runtime path of "/root/Presentation/dolly/install/dolly_follow/lib/dolly_follow/dolly_follow" to ""
[6.384s] -- Installing: /root/Presentation/dolly/install/dolly_follow/share/ament_index/resource_index/package_run_dependencies/dolly_follow
[6.384s] -- Installing: /root/Presentation/dolly/install/dolly_follow/share/ament_index/resource_index/parent_prefix_path/dolly_follow
[6.384s] -- Installing: /root/Presentation/dolly/install/dolly_follow/share/dolly_follow/environment/ament_prefix_path.sh
[6.384s] -- Installing: /root/Presentation/dolly/install/dolly_follow/share/dolly_follow/environment/ament_prefix_path.dsv
[6.384s] -- Installing: /root/Presentation/dolly/install/dolly_follow/share/dolly_follow/environment/path.sh
[6.384s] -- Installing: /root/Presentation/dolly/install/dolly_follow/share/dolly_follow/environment/path.dsv
[6.385s] -- Installing: /root/Presentation/dolly/install/dolly_follow/share/dolly_follow/local_setup.bash
[6.385s] -- Installing: /root/Presentation/dolly/install/dolly_follow/share/dolly_follow/local_setup.sh
[6.385s] -- Installing: /root/Presentation/dolly/install/dolly_follow/share/dolly_follow/local_setup.zsh
[6.385s] -- Installing: /root/Presentation/dolly/install/dolly_follow/share/dolly_follow/local_setup.dsv
[6.385s] -- Installing: /root/Presentation/dolly/install/dolly_follow/share/dolly_follow/package.dsv
[6.385s] -- Installing: /root/Presentation/dolly/install/dolly_follow/share/ament_index/resource_index/packages/dolly_follow
[6.385s] -- Installing: /root/Presentation/dolly/install/dolly_follow/share/dolly_follow/cmake/dolly_followConfig.cmake
[6.385s] -- Installing: /root/Presentation/dolly/install/dolly_follow/share/dolly_follow/cmake/dolly_followConfig-version.cmake
[6.385s] -- Installing: /root/Presentation/dolly/install/dolly_follow/share/dolly_follow/package.xml
[6.388s] Invoked command in '/root/Presentation/dolly/build/dolly_follow' returned '0': CMAKE_PREFIX_PATH=${CMAKE_PREFIX_PATH}:/opt/ros/foxy /usr/bin/cmake --install /root/Presentation/dolly/build/dolly_follow
