[0.013s] Invoking command in '/root/Presentation/dolly/build/dolly_ignition': CMAKE_PREFIX_PATH=/root/Presentation/dolly/install/dolly_follow:/root/Presentation/dolly/install/dolly:/root/Presentation/dolly/install/dolly_ignition:/root/Presentation/dolly/install/dolly_gazebo:/opt/ros/foxy /usr/bin/cmake /root/Presentation/dolly/src/dolly/dolly_ignition -DCMAKE_INSTALL_PREFIX=/root/Presentation/dolly/install/dolly_ignition
[0.062s] -- The C compiler identification is GNU 9.4.0
[0.111s] -- The CXX compiler identification is GNU 9.4.0
[0.118s] -- Check for working C compiler: /usr/bin/cc
[0.185s] -- Check for working C compiler: /usr/bin/cc -- works
[0.186s] -- Detecting C compiler ABI info
[0.253s] -- Detecting C compiler ABI info - done
[0.262s] -- Detecting C compile features
[0.263s] -- Detecting C compile features - done
[0.265s] -- Check for working CXX compiler: /usr/bin/c++
[0.339s] -- Check for working CXX compiler: /usr/bin/c++ -- works
[0.340s] -- Detecting CXX compiler ABI info
[0.415s] -- Detecting CXX compiler ABI info - done
[0.437s] -- Detecting CXX compile features
[0.438s] -- Detecting CXX compile features - done
[0.459s] -- Looking for ignition-math6 -- found version 6.13.0
[0.460s] -- Searching for dependencies of ignition-math6
[0.464s] -- Looking for ignition-plugin1 -- found version 1.3.0
[0.464s] -- Searching for dependencies of ignition-plugin1
[0.465s] -- Searching for <ignition-plugin1> component [loader]
[0.467s] -- Looking for ignition-plugin1-loader -- found version 1.3.0
[0.467s] -- Searching for dependencies of ignition-plugin1-loader
[0.468s] -- Searching for <ignition-plugin1> component [register]
[0.469s] -- Looking for ignition-plugin1-register -- found version 1.3.0
[0.470s] -- Searching for dependencies of ignition-plugin1-register
[0.472s] -- Looking for ignition-transport8 -- found version 8.3.0
[0.472s] -- Searching for dependencies of ignition-transport8
[0.797s] -- Found Protobuf: /usr/lib/x86_64-linux-gnu/libprotobuf.so;-lpthread (found suitable version "3.6.1", minimum required is "3") 
[0.801s] -- Config-file not installed for ZeroMQ -- checking for pkg-config
[0.805s] -- Checking for module 'libzmq >= 4'
[0.821s] --   Found libzmq , version 4.3.2
[0.864s] -- Found ZeroMQ: TRUE (Required is at least version "4") 
[0.872s] -- Checking for module 'uuid'
[0.891s] --   Found uuid, version 2.34.0
[0.937s] -- Found UUID: TRUE  
[0.940s] -- Looking for ignition-msgs5 -- found version 5.10.0
[0.940s] -- Searching for dependencies of ignition-msgs5
[0.960s] -- Looking for ignition-math6 -- found version 6.13.0
[0.966s] -- Checking for module 'tinyxml2'
[0.989s] --   Found tinyxml2, version 6.2.0
[1.031s] -- Searching for <ignition-transport8> component [log]
[1.032s] -- Looking for ignition-transport8-log -- found version 8.3.0
[1.033s] -- Searching for dependencies of ignition-transport8-log
[1.035s] -- Looking for ignition-msgs5 -- found version 5.10.0
[1.037s] -- Looking for ignition-common3 -- found version 3.14.2
[1.037s] -- Searching for dependencies of ignition-common3
[1.038s] -- Looking for dlfcn.h - found
[1.038s] -- Looking for libdl - found
[1.040s] -- Found DL: TRUE  
[1.047s] -- Searching for <ignition-common3> component [profiler]
[1.048s] -- Looking for ignition-common3-profiler -- found version 3.14.2
[1.049s] -- Searching for dependencies of ignition-common3-profiler
[1.050s] -- Searching for <ignition-common3> component [events]
[1.051s] -- Looking for ignition-common3-events -- found version 3.14.2
[1.052s] -- Searching for dependencies of ignition-common3-events
[1.052s] -- Looking for ignition-math6 -- found version 6.13.0
[1.053s] -- Searching for <ignition-common3> component [av]
[1.054s] -- Looking for ignition-common3-av -- found version 3.14.2
[1.055s] -- Searching for dependencies of ignition-common3-av
[1.059s] -- Checking for module 'libswscale'
[1.074s] --   Found libswscale, version 5.5.100
[1.118s] -- Found SWSCALE: TRUE  
[1.123s] -- Checking for module 'libavdevice >= 56.4.100'
[1.138s] --   Found libavdevice , version 58.8.100
[1.185s] -- Found AVDEVICE: TRUE (Required is at least version "56.4.100") 
[1.191s] -- Checking for module 'libavformat'
[1.207s] --   Found libavformat, version 58.29.100
[1.250s] -- Found AVFORMAT: TRUE  
[1.256s] -- Checking for module 'libavcodec'
[1.276s] --   Found libavcodec, version 58.54.100
[1.327s] -- Found AVCODEC: TRUE  
[1.331s] -- Checking for module 'libavutil'
[1.347s] --   Found libavutil, version 56.31.100
[1.391s] -- Found AVUTIL: TRUE  
[1.394s] -- Looking for ignition-fuel_tools4 -- found version 4.6.0
[1.395s] -- Searching for dependencies of ignition-fuel_tools4
[1.485s] -- Found CURL: /usr/lib/x86_64-linux-gnu/libcurl.so (found version "7.68.0")  
[1.495s] -- Checking for module 'jsoncpp'
[1.514s] --   Found jsoncpp, version 1.7.4
[1.562s] -- Found JSONCPP: TRUE  
[1.570s] -- Checking for module 'libzip'
[1.591s] --   Found libzip, version 1.5.1
[1.638s] -- Found ZIP: TRUE  
[1.638s] -- Looking for ignition-common3 -- found version 3.14.2
[1.639s] -- Looking for ignition-math6 -- found version 6.13.0
[1.639s] -- Looking for ignition-msgs5 -- found version 5.10.0
[1.642s] -- Looking for ignition-gui3 -- found version 3.11.2
[1.642s] -- Searching for dependencies of ignition-gui3
[1.661s] -- Looking for ignition-math6 -- found version 6.13.0
[1.662s] -- Looking for ignition-common3 -- found version 3.14.2
[1.663s] -- Looking for ignition-plugin1 -- found version 1.3.0
[1.663s] -- Looking for ignition-transport8 -- found version 8.3.0
[1.665s] -- Looking for ignition-rendering3 -- found version 3.6.0
[1.666s] -- Searching for dependencies of ignition-rendering3
[1.667s] -- Looking for ignition-math6 -- found version 6.13.0
[1.667s] -- Looking for ignition-common3 -- found version 3.14.2
[1.668s] -- Searching for dependencies of ignition-common3
[1.668s] -- Looking for dlfcn.h - found
[1.668s] -- Looking for libdl - found
[1.678s] -- Searching for <ignition-common3> component [graphics]
[1.679s] -- Looking for ignition-common3-graphics -- found version 3.14.2
[1.680s] -- Searching for dependencies of ignition-common3-graphics
[1.680s] -- Looking for ignition-math6 -- found version 6.13.0
[1.681s] -- Searching for <ignition-common3> component [events]
[1.682s] -- Looking for ignition-plugin1 -- found version 1.3.0
[1.683s] -- Searching for dependencies of ignition-plugin1
[1.683s] -- Searching for <ignition-plugin1> component [all]
[1.684s] -- Looking for all libraries of ignition-plugin1 -- found version 1.3.0
[1.685s] -- Looking for ignition-plugin1 -- found version 1.3.0
[1.689s] -- Looking for ignition-msgs5 -- found version 5.10.0
[1.709s] -- Looking for ignition-physics2 -- found version 2.5.1
[1.710s] -- Searching for dependencies of ignition-physics2
[1.710s] -- Looking for ignition-math6 -- found version 6.13.0
[1.710s] -- Searching for dependencies of ignition-math6
[1.710s] -- Searching for <ignition-math6> component [eigen3]
[1.711s] -- Looking for ignition-math6-eigen3 -- found version 6.13.0
[1.712s] -- Searching for dependencies of ignition-math6-eigen3
[1.714s] -- Looking for ignition-plugin1 -- found version 1.3.0
[1.716s] -- Searching for <ignition-physics2> component [mesh]
[1.717s] -- Looking for ignition-physics2-mesh -- found version 2.5.1
[1.717s] -- Searching for dependencies of ignition-physics2-mesh
[1.718s] -- Looking for ignition-common3 -- found version 3.14.2
[1.718s] -- Searching for <ignition-physics2> component [sdf]
[1.719s] -- Looking for ignition-physics2-sdf -- found version 2.5.1
[1.720s] -- Searching for dependencies of ignition-physics2-sdf
[1.722s] -- Looking for ignition-sensors3 -- found version 3.4.0
[1.722s] -- Searching for dependencies of ignition-sensors3
[1.735s] -- Looking for ignition-math6 -- found version 6.13.0
[1.736s] -- Looking for ignition-common3 -- found version 3.14.2
[1.736s] -- Looking for ignition-transport8 -- found version 8.3.0
[1.736s] -- Looking for ignition-rendering3 -- found version 3.6.0
[1.736s] -- Looking for ignition-msgs5 -- found version 5.10.0
[1.737s] -- Looking for ignition-plugin1 -- found version 1.3.0
[1.738s] -- Searching for <ignition-sensors3> component [rendering]
[1.740s] -- Looking for ignition-sensors3-rendering -- found version 3.4.0
[1.740s] -- Searching for dependencies of ignition-sensors3-rendering
[1.741s] -- Searching for <ignition-sensors3> component [air_pressure]
[1.742s] -- Looking for ignition-sensors3-air_pressure -- found version 3.4.0
[1.742s] -- Searching for dependencies of ignition-sensors3-air_pressure
[1.743s] -- Searching for <ignition-sensors3> component [altimeter]
[1.744s] -- Looking for ignition-sensors3-altimeter -- found version 3.4.0
[1.745s] -- Searching for dependencies of ignition-sensors3-altimeter
[1.746s] -- Searching for <ignition-sensors3> component [camera]
[1.747s] -- Looking for ignition-sensors3-camera -- found version 3.4.0
[1.747s] -- Searching for dependencies of ignition-sensors3-camera
[1.748s] -- Searching for <ignition-sensors3> component [gpu_lidar]
[1.749s] -- Looking for ignition-sensors3-gpu_lidar -- found version 3.4.0
[1.749s] -- Searching for dependencies of ignition-sensors3-gpu_lidar
[1.750s] -- Searching for <ignition-sensors3> component [imu]
[1.752s] -- Looking for ignition-sensors3-imu -- found version 3.4.0
[1.753s] -- Searching for dependencies of ignition-sensors3-imu
[1.754s] -- Searching for <ignition-sensors3> component [logical_camera]
[1.755s] -- Looking for ignition-sensors3-logical_camera -- found version 3.4.0
[1.755s] -- Searching for dependencies of ignition-sensors3-logical_camera
[1.756s] -- Searching for <ignition-sensors3> component [magnetometer]
[1.757s] -- Looking for ignition-sensors3-magnetometer -- found version 3.4.0
[1.758s] -- Searching for dependencies of ignition-sensors3-magnetometer
[1.759s] -- Searching for <ignition-sensors3> component [depth_camera]
[1.760s] -- Looking for ignition-sensors3-depth_camera -- found version 3.4.0
[1.760s] -- Searching for dependencies of ignition-sensors3-depth_camera
[1.761s] -- Searching for <ignition-sensors3> component [thermal_camera]
[1.762s] -- Looking for ignition-sensors3-thermal_camera -- found version 3.4.0
[1.763s] -- Searching for dependencies of ignition-sensors3-thermal_camera
[1.764s] -- Looking for ignition-rendering3 -- found version 3.6.0
[1.764s] -- Looking for ignition-math6 -- found version 6.13.0
[1.778s] -- Found ament_cmake: 0.9.9 (/opt/ros/foxy/share/ament_cmake/cmake)
[1.795s] -- Found PythonInterp: /usr/bin/python3 (found suitable version "3.8.10", minimum required is "3") 
[1.796s] -- Using PYTHON_EXECUTABLE: /usr/bin/python3
[1.916s] -- Found ament_lint_auto: 0.9.6 (/opt/ros/foxy/share/ament_lint_auto/cmake)
[1.986s] -- Added test 'copyright' to check source files copyright and LICENSE
[1.996s] -- Added test 'flake8' to check Python code syntax and style conventions
[1.997s] -- Added test 'lint_cmake' to check CMake code style
[1.999s] -- Added test 'pep257' to check Python code against some of the style conventions in PEP 257
[2.004s] -- Added test 'xmllint' to check XML markup files
[2.009s] -- Configuring done
[2.014s] -- Generating done
[2.017s] -- Build files have been written to: /root/Presentation/dolly/build/dolly_ignition
[2.026s] Invoked command in '/root/Presentation/dolly/build/dolly_ignition' returned '0': CMAKE_PREFIX_PATH=/root/Presentation/dolly/install/dolly_follow:/root/Presentation/dolly/install/dolly:/root/Presentation/dolly/install/dolly_ignition:/root/Presentation/dolly/install/dolly_gazebo:/opt/ros/foxy /usr/bin/cmake /root/Presentation/dolly/src/dolly/dolly_ignition -DCMAKE_INSTALL_PREFIX=/root/Presentation/dolly/install/dolly_ignition
[2.029s] Invoking command in '/root/Presentation/dolly/build/dolly_ignition': CMAKE_PREFIX_PATH=/root/Presentation/dolly/install/dolly_follow:/root/Presentation/dolly/install/dolly:/root/Presentation/dolly/install/dolly_ignition:/root/Presentation/dolly/install/dolly_gazebo:/opt/ros/foxy /usr/bin/cmake --build /root/Presentation/dolly/build/dolly_ignition -- -j16 -l16
[2.077s] Invoked command in '/root/Presentation/dolly/build/dolly_ignition' returned '0': CMAKE_PREFIX_PATH=/root/Presentation/dolly/install/dolly_follow:/root/Presentation/dolly/install/dolly:/root/Presentation/dolly/install/dolly_ignition:/root/Presentation/dolly/install/dolly_gazebo:/opt/ros/foxy /usr/bin/cmake --build /root/Presentation/dolly/build/dolly_ignition -- -j16 -l16
[2.105s] Invoking command in '/root/Presentation/dolly/build/dolly_ignition': CMAKE_PREFIX_PATH=/root/Presentation/dolly/install/dolly_follow:/root/Presentation/dolly/install/dolly:/root/Presentation/dolly/install/dolly_ignition:/root/Presentation/dolly/install/dolly_gazebo:/opt/ros/foxy /usr/bin/cmake --install /root/Presentation/dolly/build/dolly_ignition
[2.113s] -- Install configuration: ""
[2.113s] -- Installing: /root/Presentation/dolly/install/dolly_ignition/share/dolly_ignition//ign
[2.113s] -- Installing: /root/Presentation/dolly/install/dolly_ignition/share/dolly_ignition//ign/gui.config
[2.113s] -- Installing: /root/Presentation/dolly/install/dolly_ignition/share/dolly_ignition//launch
[2.114s] -- Installing: /root/Presentation/dolly/install/dolly_ignition/share/dolly_ignition//launch/dolly.launch.py
[2.114s] -- Installing: /root/Presentation/dolly/install/dolly_ignition/share/dolly_ignition//models
[2.114s] -- Installing: /root/Presentation/dolly/install/dolly_ignition/share/dolly_ignition//models/casual_female
[2.114s] -- Installing: /root/Presentation/dolly/install/dolly_ignition/share/dolly_ignition//models/casual_female/materials
[2.115s] -- Installing: /root/Presentation/dolly/install/dolly_ignition/share/dolly_ignition//models/casual_female/materials/textures
[2.115s] -- Installing: /root/Presentation/dolly/install/dolly_ignition/share/dolly_ignition//models/casual_female/materials/textures/brown_eye.png
[2.115s] -- Installing: /root/Presentation/dolly/install/dolly_ignition/share/dolly_ignition//models/casual_female/materials/textures/casual_female.png
[2.115s] -- Installing: /root/Presentation/dolly/install/dolly_ignition/share/dolly_ignition//models/casual_female/materials/textures/eyebrow002.png
[2.115s] -- Installing: /root/Presentation/dolly/install/dolly_ignition/share/dolly_ignition//models/casual_female/materials/textures/eyelashes01.png
[2.115s] -- Installing: /root/Presentation/dolly/install/dolly_ignition/share/dolly_ignition//models/casual_female/materials/textures/female_casualsuit01_diffuse.png
[2.115s] -- Installing: /root/Presentation/dolly/install/dolly_ignition/share/dolly_ignition//models/casual_female/materials/textures/female_casualsuit01_normal.png
[2.115s] -- Installing: /root/Presentation/dolly/install/dolly_ignition/share/dolly_ignition//models/casual_female/materials/textures/female_casualsuit02_diffuse.png
[2.115s] -- Installing: /root/Presentation/dolly/install/dolly_ignition/share/dolly_ignition//models/casual_female/materials/textures/female_casualsuit02_normal.png
[2.115s] -- Installing: /root/Presentation/dolly/install/dolly_ignition/share/dolly_ignition//models/casual_female/materials/textures/ponytail01_diffuse.png
[2.116s] -- Installing: /root/Presentation/dolly/install/dolly_ignition/share/dolly_ignition//models/casual_female/materials/textures/shoes05_diffuse.png
[2.116s] -- Installing: /root/Presentation/dolly/install/dolly_ignition/share/dolly_ignition//models/casual_female/materials/textures/tongue01_diffuse.png
[2.116s] -- Installing: /root/Presentation/dolly/install/dolly_ignition/share/dolly_ignition//models/casual_female/materials/textures/young_lightskinned_female_diffuse.png
[2.116s] -- Installing: /root/Presentation/dolly/install/dolly_ignition/share/dolly_ignition//models/casual_female/meshes
[2.116s] -- Installing: /root/Presentation/dolly/install/dolly_ignition/share/dolly_ignition//models/casual_female/meshes/casual_female.dae
[2.116s] -- Installing: /root/Presentation/dolly/install/dolly_ignition/share/dolly_ignition//models/casual_female/model.config
[2.116s] -- Installing: /root/Presentation/dolly/install/dolly_ignition/share/dolly_ignition//models/casual_female/model.sdf
[2.116s] -- Installing: /root/Presentation/dolly/install/dolly_ignition/share/dolly_ignition//models/casual_female/thumbnails
[2.116s] -- Installing: /root/Presentation/dolly/install/dolly_ignition/share/dolly_ignition//models/casual_female/thumbnails/1.png
[2.116s] -- Installing: /root/Presentation/dolly/install/dolly_ignition/share/dolly_ignition//models/casual_female/thumbnails/2.png
[2.116s] -- Installing: /root/Presentation/dolly/install/dolly_ignition/share/dolly_ignition//models/casual_female/thumbnails/3.png
[2.116s] -- Installing: /root/Presentation/dolly/install/dolly_ignition/share/dolly_ignition//models/casual_female/thumbnails/4.png
[2.116s] -- Installing: /root/Presentation/dolly/install/dolly_ignition/share/dolly_ignition//models/casual_female/thumbnails/5.png
[2.117s] -- Installing: /root/Presentation/dolly/install/dolly_ignition/share/dolly_ignition//models/dolly_ignition
[2.117s] -- Installing: /root/Presentation/dolly/install/dolly_ignition/share/dolly_ignition//models/dolly_ignition/materials
[2.117s] -- Installing: /root/Presentation/dolly/install/dolly_ignition/share/dolly_ignition//models/dolly_ignition/materials/textures
[2.117s] -- Installing: /root/Presentation/dolly/install/dolly_ignition/share/dolly_ignition//models/dolly_ignition/materials/textures/cardboard_box.png
[2.117s] -- Installing: /root/Presentation/dolly/install/dolly_ignition/share/dolly_ignition//models/dolly_ignition/materials/textures/sheep.jpg
[2.117s] -- Installing: /root/Presentation/dolly/install/dolly_ignition/share/dolly_ignition//models/dolly_ignition/meshes
[2.117s] -- Installing: /root/Presentation/dolly/install/dolly_ignition/share/dolly_ignition//models/dolly_ignition/meshes/cardboard_box.dae
[2.117s] -- Installing: /root/Presentation/dolly/install/dolly_ignition/share/dolly_ignition//models/dolly_ignition/model.config
[2.117s] -- Installing: /root/Presentation/dolly/install/dolly_ignition/share/dolly_ignition//models/dolly_ignition/model.sdf
[2.117s] -- Installing: /root/Presentation/dolly/install/dolly_ignition/share/dolly_ignition//rviz
[2.117s] -- Installing: /root/Presentation/dolly/install/dolly_ignition/share/dolly_ignition//rviz/dolly_ignition.rviz
[2.117s] -- Installing: /root/Presentation/dolly/install/dolly_ignition/share/dolly_ignition//worlds
[2.117s] -- Installing: /root/Presentation/dolly/install/dolly_ignition/share/dolly_ignition//worlds/station.sdf
[2.117s] -- Installing: /root/Presentation/dolly/install/dolly_ignition/share/dolly_ignition/environment/dolly_ignition.sh
[2.117s] -- Installing: /root/Presentation/dolly/install/dolly_ignition/share/dolly_ignition/environment/dolly_ignition.dsv
[2.117s] -- Installing: /root/Presentation/dolly/install/dolly_ignition/share/ament_index/resource_index/package_run_dependencies/dolly_ignition
[2.117s] -- Installing: /root/Presentation/dolly/install/dolly_ignition/share/ament_index/resource_index/parent_prefix_path/dolly_ignition
[2.117s] -- Installing: /root/Presentation/dolly/install/dolly_ignition/share/dolly_ignition/environment/ament_prefix_path.sh
[2.118s] -- Installing: /root/Presentation/dolly/install/dolly_ignition/share/dolly_ignition/environment/ament_prefix_path.dsv
[2.118s] -- Installing: /root/Presentation/dolly/install/dolly_ignition/share/dolly_ignition/environment/path.sh
[2.118s] -- Installing: /root/Presentation/dolly/install/dolly_ignition/share/dolly_ignition/environment/path.dsv
[2.118s] -- Installing: /root/Presentation/dolly/install/dolly_ignition/share/dolly_ignition/local_setup.bash
[2.118s] -- Installing: /root/Presentation/dolly/install/dolly_ignition/share/dolly_ignition/local_setup.sh
[2.118s] -- Installing: /root/Presentation/dolly/install/dolly_ignition/share/dolly_ignition/local_setup.zsh
[2.118s] -- Installing: /root/Presentation/dolly/install/dolly_ignition/share/dolly_ignition/local_setup.dsv
[2.118s] -- Installing: /root/Presentation/dolly/install/dolly_ignition/share/dolly_ignition/package.dsv
[2.118s] -- Installing: /root/Presentation/dolly/install/dolly_ignition/share/ament_index/resource_index/packages/dolly_ignition
[2.118s] -- Installing: /root/Presentation/dolly/install/dolly_ignition/share/dolly_ignition/cmake/dolly_ignitionConfig.cmake
[2.118s] -- Installing: /root/Presentation/dolly/install/dolly_ignition/share/dolly_ignition/cmake/dolly_ignitionConfig-version.cmake
[2.118s] -- Installing: /root/Presentation/dolly/install/dolly_ignition/share/dolly_ignition/package.xml
[2.121s] Invoked command in '/root/Presentation/dolly/build/dolly_ignition' returned '0': CMAKE_PREFIX_PATH=/root/Presentation/dolly/install/dolly_follow:/root/Presentation/dolly/install/dolly:/root/Presentation/dolly/install/dolly_ignition:/root/Presentation/dolly/install/dolly_gazebo:/opt/ros/foxy /usr/bin/cmake --install /root/Presentation/dolly/build/dolly_ignition
