-- The C compiler identification is GNU 9.4.0
-- The CXX compiler identification is GNU 9.4.0
-- Check for working C compiler: /usr/bin/cc
-- Check for working C compiler: /usr/bin/cc -- works
-- Detecting C compiler ABI info
-- Detecting C compiler ABI info - done
-- Detecting C compile features
-- Detecting C compile features - done
-- Check for working CXX compiler: /usr/bin/c++
-- Check for working CXX compiler: /usr/bin/c++ -- works
-- Detecting CXX compiler ABI info
-- Detecting CXX compiler ABI info - done
-- Detecting CXX compile features
-- Detecting CXX compile features - done
-- Found ament_cmake: 0.9.9 (/opt/ros/foxy/share/ament_cmake/cmake)
-- Found PythonInterp: /usr/bin/python3 (found suitable version "3.8.10", minimum required is "3") 
-- Using PYTHON_EXECUTABLE: /usr/bin/python3
-- Found ament_lint_auto: 0.9.6 (/opt/ros/foxy/share/ament_lint_auto/cmake)
-- Added test 'copyright' to check source files copyright and LICENSE
-- Added test 'lint_cmake' to check CMake code style
-- Added test 'xmllint' to check XML markup files
-- Configuring done
-- Generating done
-- Build files have been written to: /root/Presentation/dolly/build/dolly
-- Install configuration: ""
-- Installing: /root/Presentation/dolly/install/dolly/share/ament_index/resource_index/package_run_dependencies/dolly
-- Installing: /root/Presentation/dolly/install/dolly/share/ament_index/resource_index/parent_prefix_path/dolly
-- Installing: /root/Presentation/dolly/install/dolly/share/dolly/environment/ament_prefix_path.sh
-- Installing: /root/Presentation/dolly/install/dolly/share/dolly/environment/ament_prefix_path.dsv
-- Installing: /root/Presentation/dolly/install/dolly/share/dolly/environment/path.sh
-- Installing: /root/Presentation/dolly/install/dolly/share/dolly/environment/path.dsv
-- Installing: /root/Presentation/dolly/install/dolly/share/dolly/local_setup.bash
-- Installing: /root/Presentation/dolly/install/dolly/share/dolly/local_setup.sh
-- Installing: /root/Presentation/dolly/install/dolly/share/dolly/local_setup.zsh
-- Installing: /root/Presentation/dolly/install/dolly/share/dolly/local_setup.dsv
-- Installing: /root/Presentation/dolly/install/dolly/share/dolly/package.dsv
-- Installing: /root/Presentation/dolly/install/dolly/share/ament_index/resource_index/packages/dolly
-- Installing: /root/Presentation/dolly/install/dolly/share/dolly/cmake/dollyConfig.cmake
-- Installing: /root/Presentation/dolly/install/dolly/share/dolly/cmake/dollyConfig-version.cmake
-- Installing: /root/Presentation/dolly/install/dolly/share/dolly/package.xml
