[0.011s] Invoking command in '/root/Presentation/dolly/build/dolly': CMAKE_PREFIX_PATH=/root/Presentation/dolly/install/dolly_ignition:/root/Presentation/dolly/install/dolly_gazebo:/root/Presentation/dolly/install/dolly_follow:/root/Presentation/dolly/install/dolly:/opt/ros/foxy /usr/bin/cmake /root/Presentation/dolly/src/dolly/dolly -DCMAKE_INSTALL_PREFIX=/root/Presentation/dolly/install/dolly
[0.063s] -- The C compiler identification is GNU 9.4.0
[0.117s] -- The CXX compiler identification is GNU 9.4.0
[0.123s] -- Check for working C compiler: /usr/bin/cc
[0.199s] -- Check for working C compiler: /usr/bin/cc -- works
[0.201s] -- Detecting C compiler ABI info
[0.280s] -- Detecting C compiler ABI info - done
[0.291s] -- Detecting C compile features
[0.291s] -- Detecting C compile features - done
[0.294s] -- Check for working CXX compiler: /usr/bin/c++
[0.374s] -- Check for working CXX compiler: /usr/bin/c++ -- works
[0.375s] -- Detecting CXX compiler ABI info
[0.459s] -- Detecting CXX compiler ABI info - done
[0.491s] -- Detecting CXX compile features
[0.492s] -- Detecting CXX compile features - done
[0.495s] -- Found ament_cmake: 0.9.9 (/opt/ros/foxy/share/ament_cmake/cmake)
[0.512s] -- Found PythonInterp: /usr/bin/python3 (found suitable version "3.8.10", minimum required is "3") 
[0.512s] -- Using PYTHON_EXECUTABLE: /usr/bin/python3
[0.654s] -- Found ament_lint_auto: 0.9.6 (/opt/ros/foxy/share/ament_lint_auto/cmake)
[0.736s] -- Added test 'copyright' to check source files copyright and LICENSE
[0.739s] -- Added test 'lint_cmake' to check CMake code style
[0.740s] -- Added test 'xmllint' to check XML markup files
[0.745s] -- Configuring done
[0.750s] -- Generating done
[0.751s] -- Build files have been written to: /root/Presentation/dolly/build/dolly
[0.757s] Invoked command in '/root/Presentation/dolly/build/dolly' returned '0': CMAKE_PREFIX_PATH=/root/Presentation/dolly/install/dolly_ignition:/root/Presentation/dolly/install/dolly_gazebo:/root/Presentation/dolly/install/dolly_follow:/root/Presentation/dolly/install/dolly:/opt/ros/foxy /usr/bin/cmake /root/Presentation/dolly/src/dolly/dolly -DCMAKE_INSTALL_PREFIX=/root/Presentation/dolly/install/dolly
[0.760s] Invoking command in '/root/Presentation/dolly/build/dolly': CMAKE_PREFIX_PATH=/root/Presentation/dolly/install/dolly_ignition:/root/Presentation/dolly/install/dolly_gazebo:/root/Presentation/dolly/install/dolly_follow:/root/Presentation/dolly/install/dolly:/opt/ros/foxy /usr/bin/cmake --build /root/Presentation/dolly/build/dolly -- -j16 -l16
[0.808s] Invoked command in '/root/Presentation/dolly/build/dolly' returned '0': CMAKE_PREFIX_PATH=/root/Presentation/dolly/install/dolly_ignition:/root/Presentation/dolly/install/dolly_gazebo:/root/Presentation/dolly/install/dolly_follow:/root/Presentation/dolly/install/dolly:/opt/ros/foxy /usr/bin/cmake --build /root/Presentation/dolly/build/dolly -- -j16 -l16
[0.834s] Invoking command in '/root/Presentation/dolly/build/dolly': CMAKE_PREFIX_PATH=/root/Presentation/dolly/install/dolly_ignition:/root/Presentation/dolly/install/dolly_gazebo:/root/Presentation/dolly/install/dolly_follow:/root/Presentation/dolly/install/dolly:/opt/ros/foxy /usr/bin/cmake --install /root/Presentation/dolly/build/dolly
[0.845s] -- Install configuration: ""
[0.846s] -- Installing: /root/Presentation/dolly/install/dolly/share/ament_index/resource_index/package_run_dependencies/dolly
[0.846s] -- Installing: /root/Presentation/dolly/install/dolly/share/ament_index/resource_index/parent_prefix_path/dolly
[0.846s] -- Installing: /root/Presentation/dolly/install/dolly/share/dolly/environment/ament_prefix_path.sh
[0.846s] -- Installing: /root/Presentation/dolly/install/dolly/share/dolly/environment/ament_prefix_path.dsv
[0.846s] -- Installing: /root/Presentation/dolly/install/dolly/share/dolly/environment/path.sh
[0.847s] -- Installing: /root/Presentation/dolly/install/dolly/share/dolly/environment/path.dsv
[0.847s] -- Installing: /root/Presentation/dolly/install/dolly/share/dolly/local_setup.bash
[0.847s] -- Installing: /root/Presentation/dolly/install/dolly/share/dolly/local_setup.sh
[0.847s] -- Installing: /root/Presentation/dolly/install/dolly/share/dolly/local_setup.zsh
[0.847s] -- Installing: /root/Presentation/dolly/install/dolly/share/dolly/local_setup.dsv
[0.847s] -- Installing: /root/Presentation/dolly/install/dolly/share/dolly/package.dsv
[0.847s] -- Installing: /root/Presentation/dolly/install/dolly/share/ament_index/resource_index/packages/dolly
[0.847s] -- Installing: /root/Presentation/dolly/install/dolly/share/dolly/cmake/dollyConfig.cmake
[0.848s] -- Installing: /root/Presentation/dolly/install/dolly/share/dolly/cmake/dollyConfig-version.cmake
[0.848s] -- Installing: /root/Presentation/dolly/install/dolly/share/dolly/package.xml
[0.850s] Invoked command in '/root/Presentation/dolly/build/dolly' returned '0': CMAKE_PREFIX_PATH=/root/Presentation/dolly/install/dolly_ignition:/root/Presentation/dolly/install/dolly_gazebo:/root/Presentation/dolly/install/dolly_follow:/root/Presentation/dolly/install/dolly:/opt/ros/foxy /usr/bin/cmake --install /root/Presentation/dolly/build/dolly
